<?xml version="1.0" encoding="UTF-8"?>
<!-- Generated by org.testng.reporters.JUnitReportReporter -->
<testsuite hostname="Sunny" failures="0" tests="1" name="com.compareimage.compareimage.Check_Chrome_DriverTest" time="1.734" errors="0" timestamp="2024-11-15T13:04:50 IST" skipped="0">
  <testcase classname="com.compareimage.compareimage.Check_Chrome_DriverTest" name="Check_Chrome_DriverTest" time="1.734"/>
  <system-out/>
</testsuite> <!-- com.compareimage.compareimage.Check_Chrome_DriverTest -->
