<?xml version="1.0" encoding="UTF-8"?>
<!-- Generated by org.testng.reporters.JUnitReportReporter -->
<testsuite hostname="Sunny" failures="0" tests="2" name="com.compareimage.tests.Compare_Images_Test" time="32.654" errors="0" timestamp="2024-11-20T20:16:06 IST" skipped="0">
  <testcase classname="com.compareimage.tests.Compare_Images_Test" name="compareImagesDropdownsMethod2" time="15.627"/>
  <system-out/>
  <testcase classname="com.compareimage.tests.Compare_Images_Test" name="compareImagesDropdownsMethod1" time="17.027"/>
  <system-out/>
</testsuite> <!-- com.compareimage.tests.Compare_Images_Test -->
