<?xml version="1.0" encoding="UTF-8"?>
<!-- Generated by org.testng.reporters.JUnitReportReporter -->
<testsuite hostname="Sunny" failures="0" tests="2" name="com.compareimage.tests.Compare_Images_Test" time="37.505" errors="0" timestamp="2024-11-18T00:29:38 IST" skipped="0">
  <testcase classname="com.compareimage.tests.Compare_Images_Test" name="compareImagesDropdownsMethod2" time="20.054"/>
  <system-out/>
  <testcase classname="com.compareimage.tests.Compare_Images_Test" name="compareImagesDropdownsMethod1" time="17.451"/>
  <system-out/>
</testsuite> <!-- com.compareimage.tests.Compare_Images_Test -->
