<?xml version="1.0" encoding="UTF-8"?>
<!-- Generated by org.testng.reporters.JUnitReportReporter -->
<testsuite hostname="Sunny" failures="0" tests="1" name="com.compareimage.tests.Compare_Images_Test" time="15.711" errors="0" timestamp="2024-11-17T21:37:03 IST" skipped="0">
  <testcase classname="com.compareimage.tests.Compare_Images_Test" name="compareImagesDropdownsTest" time="15.711"/>
  <system-out/>
</testsuite> <!-- com.compareimage.tests.Compare_Images_Test -->
